25/10/26 16:30:50 INFO SparkContext: Running Spark version 3.3.2
25/10/26 16:30:50 WARN NativeCodeLoader: Unable to load native-hadoop library for your platform... using builtin-java classes where applicable
25/10/26 16:30:50 INFO ResourceUtils: ==============================================================
25/10/26 16:30:50 INFO ResourceUtils: No custom resources configured for spark.driver.
25/10/26 16:30:50 INFO ResourceUtils: ==============================================================
25/10/26 16:30:50 INFO SparkContext: Submitted application: pyspark-shell
25/10/26 16:30:50 INFO ResourceProfile: Default ResourceProfile created, executor resources: Map(cores -> name: cores, amount: 1, script: , vendor: , memory -> name: memory, amount: 1024, script: , vendor: , offHeap -> name: offHeap, amount: 0, script: , vendor: ), task resources: Map(cpus -> name: cpus, amount: 1.0)
25/10/26 16:30:50 INFO ResourceProfile: Limiting resource is cpu
25/10/26 16:30:50 INFO ResourceProfileManager: Added ResourceProfile id: 0
25/10/26 16:30:50 INFO SecurityManager: Changing view acls to: my pc
25/10/26 16:30:50 INFO SecurityManager: Changing modify acls to: my pc
25/10/26 16:30:50 INFO SecurityManager: Changing view acls groups to: 
25/10/26 16:30:50 INFO SecurityManager: Changing modify acls groups to: 
25/10/26 16:30:50 INFO SecurityManager: SecurityManager: authentication disabled; ui acls disabled; users  with view permissions: Set(my pc); groups with view permissions: Set(); users  with modify permissions: Set(my pc); groups with modify permissions: Set()
25/10/26 16:30:51 INFO Utils: Successfully started service 'sparkDriver' on port 64491.
25/10/26 16:30:51 INFO SparkEnv: Registering MapOutputTracker
25/10/26 16:30:51 INFO SparkEnv: Registering BlockManagerMaster
25/10/26 16:30:51 INFO BlockManagerMasterEndpoint: Using org.apache.spark.storage.DefaultTopologyMapper for getting topology information
25/10/26 16:30:51 INFO BlockManagerMasterEndpoint: BlockManagerMasterEndpoint up
25/10/26 16:30:51 INFO SparkEnv: Registering BlockManagerMasterHeartbeat
25/10/26 16:30:52 INFO DiskBlockManager: Created local directory at C:\Users\my pc\AppData\Local\Temp\blockmgr-23db9091-e4be-4b2b-afcf-c9be4b87fd1a
25/10/26 16:30:52 INFO MemoryStore: MemoryStore started with capacity 434.4 MiB
25/10/26 16:30:52 INFO SparkEnv: Registering OutputCommitCoordinator
25/10/26 16:30:52 INFO log: Logging initialized @5080ms to org.sparkproject.jetty.util.log.Slf4jLog
25/10/26 16:30:52 INFO Server: jetty-9.4.48.v20220622; built: 2022-06-21T20:42:25.880Z; git: 6b67c5719d1f4371b33655ff2d047d24e171e49a; jvm 17.0.2+8-86
25/10/26 16:30:52 INFO Server: Started @5252ms
25/10/26 16:30:52 INFO AbstractConnector: Started ServerConnector@59c96038{HTTP/1.1, (http/1.1)}{0.0.0.0:4040}
25/10/26 16:30:52 INFO Utils: Successfully started service 'SparkUI' on port 4040.
25/10/26 16:30:52 INFO ContextHandler: Started o.s.j.s.ServletContextHandler@72d02a04{/,null,AVAILABLE,@Spark}
25/10/26 16:30:52 INFO Executor: Starting executor ID driver on host DESKTOP-I8BJQOI
25/10/26 16:30:52 INFO Executor: Starting executor with user classpath (userClassPathFirst = false): ''
25/10/26 16:30:52 INFO Utils: Successfully started service 'org.apache.spark.network.netty.NettyBlockTransferService' on port 64492.
25/10/26 16:30:52 INFO NettyBlockTransferService: Server created on DESKTOP-I8BJQOI:64492
25/10/26 16:30:52 INFO BlockManager: Using org.apache.spark.storage.RandomBlockReplicationPolicy for block replication policy
25/10/26 16:30:52 INFO BlockManagerMaster: Registering BlockManager BlockManagerId(driver, DESKTOP-I8BJQOI, 64492, None)
25/10/26 16:30:52 INFO BlockManagerMasterEndpoint: Registering block manager DESKTOP-I8BJQOI:64492 with 434.4 MiB RAM, BlockManagerId(driver, DESKTOP-I8BJQOI, 64492, None)
25/10/26 16:30:52 INFO BlockManagerMaster: Registered BlockManager BlockManagerId(driver, DESKTOP-I8BJQOI, 64492, None)
25/10/26 16:30:52 INFO BlockManager: Initialized BlockManager: BlockManagerId(driver, DESKTOP-I8BJQOI, 64492, None)
25/10/26 16:30:53 INFO ContextHandler: Stopped o.s.j.s.ServletContextHandler@72d02a04{/,null,STOPPED,@Spark}
25/10/26 16:30:53 INFO ContextHandler: Started o.s.j.s.ServletContextHandler@2ac79a43{/jobs,null,AVAILABLE,@Spark}
25/10/26 16:30:53 INFO ContextHandler: Started o.s.j.s.ServletContextHandler@3f0d8fa9{/jobs/json,null,AVAILABLE,@Spark}
25/10/26 16:30:53 INFO ContextHandler: Started o.s.j.s.ServletContextHandler@5774b0eb{/jobs/job,null,AVAILABLE,@Spark}
25/10/26 16:30:53 INFO ContextHandler: Started o.s.j.s.ServletContextHandler@5d51c058{/jobs/job/json,null,AVAILABLE,@Spark}
25/10/26 16:30:53 INFO ContextHandler: Started o.s.j.s.ServletContextHandler@1383dcb1{/stages,null,AVAILABLE,@Spark}
25/10/26 16:30:53 INFO ContextHandler: Started o.s.j.s.ServletContextHandler@4d0861d9{/stages/json,null,AVAILABLE,@Spark}
25/10/26 16:30:53 INFO ContextHandler: Started o.s.j.s.ServletContextHandler@328db249{/stages/stage,null,AVAILABLE,@Spark}
25/10/26 16:30:53 INFO ContextHandler: Started o.s.j.s.ServletContextHandler@79dd017c{/stages/stage/json,null,AVAILABLE,@Spark}
25/10/26 16:30:53 INFO ContextHandler: Started o.s.j.s.ServletContextHandler@66ccfb2e{/stages/pool,null,AVAILABLE,@Spark}
25/10/26 16:30:53 INFO ContextHandler: Started o.s.j.s.ServletContextHandler@1dd16bcf{/stages/pool/json,null,AVAILABLE,@Spark}
25/10/26 16:30:53 INFO ContextHandler: Started o.s.j.s.ServletContextHandler@455d468c{/storage,null,AVAILABLE,@Spark}
25/10/26 16:30:53 INFO ContextHandler: Started o.s.j.s.ServletContextHandler@6d02e815{/storage/json,null,AVAILABLE,@Spark}
25/10/26 16:30:53 INFO ContextHandler: Started o.s.j.s.ServletContextHandler@4802ba17{/storage/rdd,null,AVAILABLE,@Spark}
25/10/26 16:30:53 INFO ContextHandler: Started o.s.j.s.ServletContextHandler@12dc414f{/storage/rdd/json,null,AVAILABLE,@Spark}
25/10/26 16:30:53 INFO ContextHandler: Started o.s.j.s.ServletContextHandler@f9d4647{/environment,null,AVAILABLE,@Spark}
25/10/26 16:30:53 INFO ContextHandler: Started o.s.j.s.ServletContextHandler@35e5ca02{/environment/json,null,AVAILABLE,@Spark}
25/10/26 16:30:53 INFO ContextHandler: Started o.s.j.s.ServletContextHandler@161b6de1{/executors,null,AVAILABLE,@Spark}
25/10/26 16:30:53 INFO ContextHandler: Started o.s.j.s.ServletContextHandler@51c4e9a6{/executors/json,null,AVAILABLE,@Spark}
25/10/26 16:30:53 INFO ContextHandler: Started o.s.j.s.ServletContextHandler@62c701f5{/executors/threadDump,null,AVAILABLE,@Spark}
25/10/26 16:30:53 INFO ContextHandler: Started o.s.j.s.ServletContextHandler@a35566f{/executors/threadDump/json,null,AVAILABLE,@Spark}
25/10/26 16:30:53 INFO ContextHandler: Started o.s.j.s.ServletContextHandler@faa9bb9{/static,null,AVAILABLE,@Spark}
25/10/26 16:30:53 INFO ContextHandler: Started o.s.j.s.ServletContextHandler@67674bc1{/,null,AVAILABLE,@Spark}
25/10/26 16:30:53 INFO ContextHandler: Started o.s.j.s.ServletContextHandler@8f59399{/api,null,AVAILABLE,@Spark}
25/10/26 16:30:53 INFO ContextHandler: Started o.s.j.s.ServletContextHandler@12d79385{/jobs/job/kill,null,AVAILABLE,@Spark}
25/10/26 16:30:53 INFO ContextHandler: Started o.s.j.s.ServletContextHandler@7f12921c{/stages/stage/kill,null,AVAILABLE,@Spark}
25/10/26 16:30:53 INFO ContextHandler: Started o.s.j.s.ServletContextHandler@409a8fba{/metrics/json,null,AVAILABLE,@Spark}
25/10/26 16:30:53 INFO SharedState: Setting hive.metastore.warehouse.dir ('null') to the value of spark.sql.warehouse.dir.
25/10/26 16:30:53 INFO SharedState: Warehouse path is 'file:/E:/demoproject/spark-warehouse'.
25/10/26 16:30:53 INFO ContextHandler: Started o.s.j.s.ServletContextHandler@14112c54{/SQL,null,AVAILABLE,@Spark}
25/10/26 16:30:53 INFO ContextHandler: Started o.s.j.s.ServletContextHandler@12d00d29{/SQL/json,null,AVAILABLE,@Spark}
25/10/26 16:30:53 INFO ContextHandler: Started o.s.j.s.ServletContextHandler@24a55120{/SQL/execution,null,AVAILABLE,@Spark}
25/10/26 16:30:53 INFO ContextHandler: Started o.s.j.s.ServletContextHandler@9d17ffd{/SQL/execution/json,null,AVAILABLE,@Spark}
25/10/26 16:30:53 INFO ContextHandler: Started o.s.j.s.ServletContextHandler@1c9ba28{/static/sql,null,AVAILABLE,@Spark}
25/10/26 16:30:55 WARN retail_analysis: Created Spark Session
25/10/26 16:30:56 INFO InMemoryFileIndex: It took 114 ms to list leaf files for 1 paths.
25/10/26 16:30:59 INFO InMemoryFileIndex: It took 3 ms to list leaf files for 1 paths.
25/10/26 16:31:00 INFO FileSourceStrategy: Pushed Filters: 
25/10/26 16:31:00 INFO FileSourceStrategy: Post-Scan Filters: 
25/10/26 16:31:00 INFO FileSourceStrategy: Output Data Schema: struct<state: string>
25/10/26 16:31:01 INFO CodeGenerator: Code generated in 496.7656 ms
25/10/26 16:31:01 INFO MemoryStore: Block broadcast_0 stored as values in memory (estimated size 173.5 KiB, free 434.2 MiB)
25/10/26 16:31:02 INFO MemoryStore: Block broadcast_0_piece0 stored as bytes in memory (estimated size 24.6 KiB, free 434.2 MiB)
25/10/26 16:31:02 INFO BlockManagerInfo: Added broadcast_0_piece0 in memory on DESKTOP-I8BJQOI:64492 (size: 24.6 KiB, free: 434.4 MiB)
25/10/26 16:31:02 INFO SparkContext: Created broadcast 0 from showString at NativeMethodAccessorImpl.java:0
25/10/26 16:31:02 INFO FileSourceScanExec: Planning scan with bin packing, max size: 4194304 bytes, open cost is considered as scanning 4194304 bytes.
25/10/26 16:31:02 INFO DAGScheduler: Registering RDD 3 (showString at NativeMethodAccessorImpl.java:0) as input to shuffle 0
25/10/26 16:31:02 INFO DAGScheduler: Got map stage job 0 (showString at NativeMethodAccessorImpl.java:0) with 1 output partitions
25/10/26 16:31:02 INFO DAGScheduler: Final stage: ShuffleMapStage 0 (showString at NativeMethodAccessorImpl.java:0)
25/10/26 16:31:02 INFO DAGScheduler: Parents of final stage: List()
25/10/26 16:31:02 INFO DAGScheduler: Missing parents: List()
25/10/26 16:31:02 INFO DAGScheduler: Submitting ShuffleMapStage 0 (MapPartitionsRDD[3] at showString at NativeMethodAccessorImpl.java:0), which has no missing parents
25/10/26 16:31:02 INFO MemoryStore: Block broadcast_1 stored as values in memory (estimated size 36.0 KiB, free 434.2 MiB)
25/10/26 16:31:02 INFO MemoryStore: Block broadcast_1_piece0 stored as bytes in memory (estimated size 17.1 KiB, free 434.2 MiB)
25/10/26 16:31:03 INFO BlockManagerInfo: Added broadcast_1_piece0 in memory on DESKTOP-I8BJQOI:64492 (size: 17.1 KiB, free: 434.4 MiB)
25/10/26 16:31:03 INFO SparkContext: Created broadcast 1 from broadcast at DAGScheduler.scala:1513
25/10/26 16:31:03 INFO DAGScheduler: Submitting 1 missing tasks from ShuffleMapStage 0 (MapPartitionsRDD[3] at showString at NativeMethodAccessorImpl.java:0) (first 15 tasks are for partitions Vector(0))
25/10/26 16:31:03 INFO TaskSchedulerImpl: Adding task set 0.0 with 1 tasks resource profile 0
25/10/26 16:31:03 INFO TaskSetManager: Starting task 0.0 in stage 0.0 (TID 0) (DESKTOP-I8BJQOI, executor driver, partition 0, PROCESS_LOCAL, 4901 bytes) taskResourceAssignments Map()
25/10/26 16:31:03 INFO Executor: Running task 0.0 in stage 0.0 (TID 0)
25/10/26 16:31:03 INFO CodeGenerator: Code generated in 35.942 ms
25/10/26 16:31:03 INFO CodeGenerator: Code generated in 23.1459 ms
25/10/26 16:31:04 INFO CodeGenerator: Code generated in 85.8426 ms
25/10/26 16:31:04 INFO CodeGenerator: Code generated in 31.5771 ms
25/10/26 16:31:04 INFO FileScanRDD: Reading File path: file:///E:/demoproject/data/customers.csv, range: 0-953806, partition values: [empty row]
25/10/26 16:31:05 INFO Executor: Finished task 0.0 in stage 0.0 (TID 0). 2816 bytes result sent to driver
25/10/26 16:31:05 INFO TaskSetManager: Finished task 0.0 in stage 0.0 (TID 0) in 1893 ms on DESKTOP-I8BJQOI (executor driver) (1/1)
25/10/26 16:31:05 INFO TaskSchedulerImpl: Removed TaskSet 0.0, whose tasks have all completed, from pool 
25/10/26 16:31:05 INFO DAGScheduler: ShuffleMapStage 0 (showString at NativeMethodAccessorImpl.java:0) finished in 2.190 s
25/10/26 16:31:05 INFO DAGScheduler: looking for newly runnable stages
25/10/26 16:31:05 INFO DAGScheduler: running: Set()
25/10/26 16:31:05 INFO DAGScheduler: waiting: Set()
25/10/26 16:31:05 INFO DAGScheduler: failed: Set()
25/10/26 16:31:05 INFO ShufflePartitionsUtil: For shuffle(0), advisory target size: 67108864, actual target size 1048576, minimum partition size: 1048576
25/10/26 16:31:05 INFO HashAggregateExec: spark.sql.codegen.aggregate.map.twolevel.enabled is set to true, but current version of codegened fast hashmap does not support this aggregate.
25/10/26 16:31:05 INFO CodeGenerator: Code generated in 32.5484 ms
25/10/26 16:31:05 INFO SparkContext: Starting job: showString at NativeMethodAccessorImpl.java:0
25/10/26 16:31:05 INFO DAGScheduler: Got job 1 (showString at NativeMethodAccessorImpl.java:0) with 1 output partitions
25/10/26 16:31:05 INFO DAGScheduler: Final stage: ResultStage 2 (showString at NativeMethodAccessorImpl.java:0)
25/10/26 16:31:05 INFO DAGScheduler: Parents of final stage: List(ShuffleMapStage 1)
25/10/26 16:31:05 INFO DAGScheduler: Missing parents: List()
25/10/26 16:31:05 INFO BlockManagerInfo: Removed broadcast_1_piece0 on DESKTOP-I8BJQOI:64492 in memory (size: 17.1 KiB, free: 434.4 MiB)
25/10/26 16:31:05 INFO DAGScheduler: Submitting ResultStage 2 (MapPartitionsRDD[6] at showString at NativeMethodAccessorImpl.java:0), which has no missing parents
25/10/26 16:31:05 INFO MemoryStore: Block broadcast_2 stored as values in memory (estimated size 36.4 KiB, free 434.2 MiB)
25/10/26 16:31:05 INFO MemoryStore: Block broadcast_2_piece0 stored as bytes in memory (estimated size 17.6 KiB, free 434.2 MiB)
25/10/26 16:31:05 INFO BlockManagerInfo: Added broadcast_2_piece0 in memory on DESKTOP-I8BJQOI:64492 (size: 17.6 KiB, free: 434.4 MiB)
25/10/26 16:31:05 INFO SparkContext: Created broadcast 2 from broadcast at DAGScheduler.scala:1513
25/10/26 16:31:05 INFO DAGScheduler: Submitting 1 missing tasks from ResultStage 2 (MapPartitionsRDD[6] at showString at NativeMethodAccessorImpl.java:0) (first 15 tasks are for partitions Vector(0))
25/10/26 16:31:05 INFO TaskSchedulerImpl: Adding task set 2.0 with 1 tasks resource profile 0
25/10/26 16:31:05 INFO TaskSetManager: Starting task 0.0 in stage 2.0 (TID 1) (DESKTOP-I8BJQOI, executor driver, partition 0, NODE_LOCAL, 4453 bytes) taskResourceAssignments Map()
25/10/26 16:31:05 INFO Executor: Running task 0.0 in stage 2.0 (TID 1)
25/10/26 16:31:05 INFO ShuffleBlockFetcherIterator: Getting 1 (2.9 KiB) non-empty blocks including 1 (2.9 KiB) local and 0 (0.0 B) host-local and 0 (0.0 B) push-merged-local and 0 (0.0 B) remote blocks
25/10/26 16:31:05 INFO ShuffleBlockFetcherIterator: Started 0 remote fetches in 39 ms
25/10/26 16:31:05 INFO Executor: Finished task 0.0 in stage 2.0 (TID 1). 4089 bytes result sent to driver
25/10/26 16:31:05 INFO TaskSetManager: Finished task 0.0 in stage 2.0 (TID 1) in 256 ms on DESKTOP-I8BJQOI (executor driver) (1/1)
25/10/26 16:31:05 INFO DAGScheduler: ResultStage 2 (showString at NativeMethodAccessorImpl.java:0) finished in 0.291 s
25/10/26 16:31:05 INFO TaskSchedulerImpl: Removed TaskSet 2.0, whose tasks have all completed, from pool 
25/10/26 16:31:05 INFO DAGScheduler: Job 1 is finished. Cancelling potential speculative or zombie tasks for this job
25/10/26 16:31:05 INFO TaskSchedulerImpl: Killing all running tasks in stage 2: Stage finished
25/10/26 16:31:05 INFO DAGScheduler: Job 1 finished: showString at NativeMethodAccessorImpl.java:0, took 0.352185 s
25/10/26 16:31:05 INFO CodeGenerator: Code generated in 48.1008 ms
25/10/26 16:31:06 INFO FileSourceStrategy: Pushed Filters: 
25/10/26 16:31:06 INFO FileSourceStrategy: Post-Scan Filters: 
25/10/26 16:31:06 INFO FileSourceStrategy: Output Data Schema: struct<state: string>
25/10/26 16:31:06 INFO MemoryStore: Block broadcast_3 stored as values in memory (estimated size 173.5 KiB, free 434.0 MiB)
25/10/26 16:31:06 INFO MemoryStore: Block broadcast_3_piece0 stored as bytes in memory (estimated size 24.6 KiB, free 434.0 MiB)
25/10/26 16:31:06 INFO BlockManagerInfo: Added broadcast_3_piece0 in memory on DESKTOP-I8BJQOI:64492 (size: 24.6 KiB, free: 434.3 MiB)
25/10/26 16:31:06 INFO SparkContext: Created broadcast 3 from save at NativeMethodAccessorImpl.java:0
25/10/26 16:31:06 INFO FileSourceScanExec: Planning scan with bin packing, max size: 4194304 bytes, open cost is considered as scanning 4194304 bytes.
25/10/26 16:31:06 INFO BlockManagerInfo: Removed broadcast_2_piece0 on DESKTOP-I8BJQOI:64492 in memory (size: 17.6 KiB, free: 434.4 MiB)
25/10/26 16:31:06 INFO DAGScheduler: Registering RDD 10 (save at NativeMethodAccessorImpl.java:0) as input to shuffle 1
25/10/26 16:31:06 INFO DAGScheduler: Got map stage job 2 (save at NativeMethodAccessorImpl.java:0) with 1 output partitions
25/10/26 16:31:06 INFO DAGScheduler: Final stage: ShuffleMapStage 3 (save at NativeMethodAccessorImpl.java:0)
25/10/26 16:31:06 INFO DAGScheduler: Parents of final stage: List()
25/10/26 16:31:06 INFO DAGScheduler: Missing parents: List()
25/10/26 16:31:06 INFO DAGScheduler: Submitting ShuffleMapStage 3 (MapPartitionsRDD[10] at save at NativeMethodAccessorImpl.java:0), which has no missing parents
25/10/26 16:31:06 INFO MemoryStore: Block broadcast_4 stored as values in memory (estimated size 36.0 KiB, free 434.0 MiB)
25/10/26 16:31:06 INFO MemoryStore: Block broadcast_4_piece0 stored as bytes in memory (estimated size 17.1 KiB, free 434.0 MiB)
25/10/26 16:31:06 INFO BlockManagerInfo: Added broadcast_4_piece0 in memory on DESKTOP-I8BJQOI:64492 (size: 17.1 KiB, free: 434.3 MiB)
25/10/26 16:31:06 INFO SparkContext: Created broadcast 4 from broadcast at DAGScheduler.scala:1513
25/10/26 16:31:06 INFO DAGScheduler: Submitting 1 missing tasks from ShuffleMapStage 3 (MapPartitionsRDD[10] at save at NativeMethodAccessorImpl.java:0) (first 15 tasks are for partitions Vector(0))
25/10/26 16:31:06 INFO TaskSchedulerImpl: Adding task set 3.0 with 1 tasks resource profile 0
25/10/26 16:31:06 INFO TaskSetManager: Starting task 0.0 in stage 3.0 (TID 2) (DESKTOP-I8BJQOI, executor driver, partition 0, PROCESS_LOCAL, 4901 bytes) taskResourceAssignments Map()
25/10/26 16:31:06 INFO Executor: Running task 0.0 in stage 3.0 (TID 2)
25/10/26 16:31:06 INFO FileScanRDD: Reading File path: file:///E:/demoproject/data/customers.csv, range: 0-953806, partition values: [empty row]
25/10/26 16:31:07 INFO Executor: Finished task 0.0 in stage 3.0 (TID 2). 2773 bytes result sent to driver
25/10/26 16:31:07 INFO TaskSetManager: Finished task 0.0 in stage 3.0 (TID 2) in 682 ms on DESKTOP-I8BJQOI (executor driver) (1/1)
25/10/26 16:31:07 INFO TaskSchedulerImpl: Removed TaskSet 3.0, whose tasks have all completed, from pool 
25/10/26 16:31:07 INFO DAGScheduler: ShuffleMapStage 3 (save at NativeMethodAccessorImpl.java:0) finished in 0.727 s
25/10/26 16:31:07 INFO DAGScheduler: looking for newly runnable stages
25/10/26 16:31:07 INFO DAGScheduler: running: Set()
25/10/26 16:31:07 INFO DAGScheduler: waiting: Set()
25/10/26 16:31:07 INFO DAGScheduler: failed: Set()
25/10/26 16:31:07 INFO ShufflePartitionsUtil: For shuffle(1), advisory target size: 67108864, actual target size 1048576, minimum partition size: 1048576
25/10/26 16:31:07 INFO FileOutputCommitter: File Output Committer Algorithm version is 1
25/10/26 16:31:07 INFO SQLHadoopMapReduceCommitProtocol: Using output committer class org.apache.hadoop.mapreduce.lib.output.FileOutputCommitter
25/10/26 16:31:07 INFO HashAggregateExec: spark.sql.codegen.aggregate.map.twolevel.enabled is set to true, but current version of codegened fast hashmap does not support this aggregate.
25/10/26 16:31:07 INFO CodeGenerator: Code generated in 37.888 ms
25/10/26 16:31:07 INFO SparkContext: Starting job: save at NativeMethodAccessorImpl.java:0
25/10/26 16:31:07 INFO DAGScheduler: Got job 3 (save at NativeMethodAccessorImpl.java:0) with 1 output partitions
25/10/26 16:31:07 INFO DAGScheduler: Final stage: ResultStage 5 (save at NativeMethodAccessorImpl.java:0)
25/10/26 16:31:07 INFO DAGScheduler: Parents of final stage: List(ShuffleMapStage 4)
25/10/26 16:31:07 INFO DAGScheduler: Missing parents: List()
25/10/26 16:31:07 INFO DAGScheduler: Submitting ResultStage 5 (CoalescedRDD[13] at save at NativeMethodAccessorImpl.java:0), which has no missing parents
25/10/26 16:31:07 INFO MemoryStore: Block broadcast_5 stored as values in memory (estimated size 179.6 KiB, free 433.8 MiB)
25/10/26 16:31:07 INFO MemoryStore: Block broadcast_5_piece0 stored as bytes in memory (estimated size 67.2 KiB, free 433.7 MiB)
25/10/26 16:31:07 INFO BlockManagerInfo: Added broadcast_5_piece0 in memory on DESKTOP-I8BJQOI:64492 (size: 67.2 KiB, free: 434.3 MiB)
25/10/26 16:31:07 INFO SparkContext: Created broadcast 5 from broadcast at DAGScheduler.scala:1513
25/10/26 16:31:07 INFO DAGScheduler: Submitting 1 missing tasks from ResultStage 5 (CoalescedRDD[13] at save at NativeMethodAccessorImpl.java:0) (first 15 tasks are for partitions Vector(0))
25/10/26 16:31:07 INFO TaskSchedulerImpl: Adding task set 5.0 with 1 tasks resource profile 0
25/10/26 16:31:07 INFO TaskSetManager: Starting task 0.0 in stage 5.0 (TID 3) (DESKTOP-I8BJQOI, executor driver, partition 0, NODE_LOCAL, 4729 bytes) taskResourceAssignments Map()
25/10/26 16:31:07 INFO Executor: Running task 0.0 in stage 5.0 (TID 3)
25/10/26 16:31:07 INFO BlockManagerInfo: Removed broadcast_4_piece0 on DESKTOP-I8BJQOI:64492 in memory (size: 17.1 KiB, free: 434.3 MiB)
25/10/26 16:31:07 INFO FileOutputCommitter: File Output Committer Algorithm version is 1
25/10/26 16:31:07 INFO SQLHadoopMapReduceCommitProtocol: Using output committer class org.apache.hadoop.mapreduce.lib.output.FileOutputCommitter
25/10/26 16:31:08 INFO ShuffleBlockFetcherIterator: Getting 1 (2.9 KiB) non-empty blocks including 1 (2.9 KiB) local and 0 (0.0 B) host-local and 0 (0.0 B) push-merged-local and 0 (0.0 B) remote blocks
25/10/26 16:31:08 INFO ShuffleBlockFetcherIterator: Started 0 remote fetches in 2 ms
25/10/26 16:31:08 INFO FileOutputCommitter: Saved output of task 'attempt_20251026163107234061367022909015_0005_m_000000_3' to file:/E:/demoproject/data/test_results/_temporary/0/task_20251026163107234061367022909015_0005_m_000000
25/10/26 16:31:08 INFO SparkHadoopMapRedUtil: attempt_20251026163107234061367022909015_0005_m_000000_3: Committed. Elapsed time: 3 ms.
25/10/26 16:31:08 INFO Executor: Finished task 0.0 in stage 5.0 (TID 3). 4854 bytes result sent to driver
25/10/26 16:31:08 INFO TaskSetManager: Finished task 0.0 in stage 5.0 (TID 3) in 1082 ms on DESKTOP-I8BJQOI (executor driver) (1/1)
25/10/26 16:31:08 INFO TaskSchedulerImpl: Removed TaskSet 5.0, whose tasks have all completed, from pool 
25/10/26 16:31:08 INFO DAGScheduler: ResultStage 5 (save at NativeMethodAccessorImpl.java:0) finished in 1.194 s
25/10/26 16:31:08 INFO DAGScheduler: Job 3 is finished. Cancelling potential speculative or zombie tasks for this job
25/10/26 16:31:08 INFO TaskSchedulerImpl: Killing all running tasks in stage 5: Stage finished
25/10/26 16:31:08 INFO DAGScheduler: Job 3 finished: save at NativeMethodAccessorImpl.java:0, took 1.210211 s
25/10/26 16:31:08 INFO FileFormatWriter: Start to commit write Job fa69ee7a-b163-4b2f-a18c-7bf5821fb21d.
25/10/26 16:31:08 INFO FileFormatWriter: Write Job fa69ee7a-b163-4b2f-a18c-7bf5821fb21d committed. Elapsed time: 375 ms.
25/10/26 16:31:08 INFO FileFormatWriter: Finished processing stats for write job fa69ee7a-b163-4b2f-a18c-7bf5821fb21d.
25/10/26 16:31:08 INFO retail_analysis: end of main
25/10/26 16:31:08 INFO AbstractConnector: Stopped Spark@59c96038{HTTP/1.1, (http/1.1)}{0.0.0.0:4040}
25/10/26 16:31:09 INFO SparkUI: Stopped Spark web UI at http://DESKTOP-I8BJQOI:4040
25/10/26 16:31:09 INFO MapOutputTrackerMasterEndpoint: MapOutputTrackerMasterEndpoint stopped!
25/10/26 16:31:09 INFO MemoryStore: MemoryStore cleared
25/10/26 16:31:09 INFO BlockManager: BlockManager stopped
25/10/26 16:31:09 INFO BlockManagerMaster: BlockManagerMaster stopped
25/10/26 16:31:09 INFO OutputCommitCoordinator$OutputCommitCoordinatorEndpoint: OutputCommitCoordinator stopped!
25/10/26 16:31:09 INFO SparkContext: Successfully stopped SparkContext
25/10/26 16:31:10 INFO ShutdownHookManager: Shutdown hook called
25/10/26 16:31:10 INFO ShutdownHookManager: Deleting directory C:\Users\my pc\AppData\Local\Temp\spark-36cb477f-37d8-449b-9cc0-75f08c19d919
25/10/26 16:31:10 INFO ShutdownHookManager: Deleting directory C:\Users\my pc\AppData\Local\Temp\spark-656c7c28-8894-453e-9b38-807d9737d002
25/10/26 16:31:10 INFO ShutdownHookManager: Deleting directory C:\Users\my pc\AppData\Local\Temp\spark-36cb477f-37d8-449b-9cc0-75f08c19d919\pyspark-0597d333-e64a-4f2b-99ef-86ba24377ece
